<?xml version="1.0" encoding="UTF-8"?>
<!-- Generated by org.testng.reporters.JUnitReportReporter -->
<testsuite skipped="0" hostname="DESKTOP-88C78MG" name="com.test.Test1Test" tests="1" failures="0" timestamp="02 Oct 2018 15:44:03 GMT" time="48.717" errors="0">
  <testcase name="test_Login_Page" time="48.717" classname="com.test.Test1Test"/>
</testsuite> <!-- com.test.Test1Test -->
